{
  "stats": {
    "suites": 1,
    "tests": 1,
    "passes": 1,
    "pending": 0,
    "failures": 0,
    "start": "2021-12-12T00:39:28.814Z",
    "end": "2021-12-12T00:39:55.886Z",
    "duration": 20473,
    "testsRegistered": 1,
    "passPercent": 100,
    "pendingPercent": 0,
    "other": 0,
    "hasOther": false,
    "skipped": 0,
    "hasSkipped": false
  },
  "results": [
    {
      "uuid": "7cb2b583-196e-4905-8933-2c870178c677",
      "title": "",
      "fullFile": "cypress/integration/Test.js",
      "file": "cypress/integration/Test.js",
      "beforeHooks": [],
      "afterHooks": [],
      "tests": [],
      "suites": [
        {
          "uuid": "c8a4b75f-27c9-44e6-8f82-d3aa40bc4f8c",
          "title": "my first test case",
          "fullFile": "",
          "file": "",
          "beforeHooks": [],
          "afterHooks": [],
          "tests": [
            {
              "title": "my first test case",
              "fullTitle": "my first test case my first test case",
              "timedOut": null,
              "duration": 20473,
              "state": "passed",
              "speed": "slow",
              "pass": true,
              "fail": false,
              "pending": false,
              "context": null,
              "code": "cy.visit(Cypress.env('url'));",
              "err": {},
              "uuid": "72082a7e-bd03-48ca-8da8-86d775123159",
              "parentUUID": "c8a4b75f-27c9-44e6-8f82-d3aa40bc4f8c",
              "isHook": false,
              "skipped": false
            }
          ],
          "suites": [],
          "passes": [
            "72082a7e-bd03-48ca-8da8-86d775123159"
          ],
          "failures": [],
          "pending": [],
          "skipped": [],
          "duration": 20473,
          "root": false,
          "rootEmpty": false,
          "_timeout": 2000
        }
      ],
      "passes": [],
      "failures": [],
      "pending": [],
      "skipped": [],
      "duration": 0,
      "root": true,
      "rootEmpty": true,
      "_timeout": 2000
    }
  ],
  "meta": {
    "mocha": {
      "version": "7.0.1"
    },
    "mochawesome": {
      "options": {
        "quiet": false,
        "reportFilename": "mochawesome",
        "saveHtml": false,
        "saveJson": true,
        "consoleReporter": "spec",
        "useInlineDiffs": false,
        "code": true
      },
      "version": "7.0.1"
    },
    "marge": {
      "options": {
        "id": "default",
        "reportDir": "cypress/reports/mocha",
        "quite": true,
        "overwrite": false,
        "html": false,
        "json": true
      },
      "version": "6.0.1"
    }
  }
}